#
# A fatal error has been detected by the Java Runtime Environment:
#
#  EXCEPTION_ACCESS_VIOLATION (0xc0000005) at pc=0x00007ffb9fcfa20e, pid=12644, tid=4824
#
# JRE version: Java(TM) SE Runtime Environment (17.0.5+9) (build 17.0.5+9-LTS-191)
# Java VM: Java HotSpot(TM) 64-Bit Server VM (17.0.5+9-LTS-191, mixed mode, sharing, tiered, compressed oops, compressed class ptrs, g1 gc, windows-amd64)
# Problematic frame:
# V  [jvm.dll+0x62a20e]
#
# No core dump will be written. Minidumps are not enabled by default on client versions of Windows
#
# If you would like to submit a bug report, please visit:
#   https://bugreport.java.com/bugreport/crash.jsp
#

---------------  S U M M A R Y ------------

Command Line: -XX:+ShowCodeDetailsInExceptionMessages -agentlib:jdwp=transport=dt_socket,suspend=y,address=localhost:55825 -javaagent:C:\Users\Usuario\eclipse\jee-2022-09\eclipse\configuration\org.eclipse.osgi\421\0\.cp\lib\javaagent-shaded.jar -Dfile.encoding=UTF-8 --module-path=C:\Users\Usuario\Desktop\DAM\eclipse\NoexamendeEntorno\bin -Djdk.module.main=NoexamendeEntorno NoexamendeEntorno/debug.Ejercicio2

Host: Intel(R) Core(TM) i5-6400 CPU @ 2.70GHz, 4 cores, 7G,  Windows 10 , 64 bit Build 19041 (10.0.19041.1566)
Time: Tue Feb 14 09:47:26 2023 Hora estándar romance elapsed time: 377.881590 seconds (0d 0h 6m 17s)

---------------  T H R E A D  ---------------

Current thread (0x000001e7e0647b80):  VMThread "VM Thread" [stack: 0x0000005e41700000,0x0000005e41800000] [id=4824]

Stack: [0x0000005e41700000,0x0000005e41800000],  sp=0x0000005e417ff610,  free space=1021k
Native frames: (J=compiled Java code, j=interpreted, Vv=VM code, C=native code)
V  [jvm.dll+0x62a20e]
V  [jvm.dll+0x62359d]
V  [jvm.dll+0x1c2040]
V  [jvm.dll+0x628b29]
V  [jvm.dll+0x5243c3]
V  [jvm.dll+0x523b8d]
V  [jvm.dll+0x7d8ceb]
V  [jvm.dll+0x7d9a24]
V  [jvm.dll+0x7d9f3c]
V  [jvm.dll+0x7da314]
V  [jvm.dll+0x7da3e0]
V  [jvm.dll+0x782b4a]
V  [jvm.dll+0x671d75]
C  [ucrtbase.dll+0x21bb2]
C  [KERNEL32.DLL+0x17034]
C  [ntdll.dll+0x52651]


siginfo: EXCEPTION_ACCESS_VIOLATION (0xc0000005), reading address 0xffffffffffffffff


Register to memory mapping:

RIP=0x00007ffb9fcfa20e jvm.dll
RAX={method} {0x000001e7e0c3bfd0} 
[error occurred during error reporting (printing register info), id 0xc0000005, EXCEPTION_ACCESS_VIOLATION (0xc0000005) at pc=0x00007ffb9fcf7f5a]

Registers:
RAX=0x000001e7e0c3bfc8, RBX=0x0000005e417ff660, RCX=0x0000000000000038, RDX=0xca0001e7e0c3bf88
RSP=0x0000005e417ff610, RBP=0x0000000800c06e98, RSI=0x000001e7e0647b80, RDI=0x000001e7e0c3bfc8
R8 =0x0000000000000007, R9 =0x000000000000000d, R10=0x00000000000000c0, R11=0x1bf1d097960547b0
R12=0x0000005e417ff7f0, R13=0x000001e7e12c5d80, R14=0x000001e7e0647b80, R15=0x0000000800c07098
RIP=0x00007ffb9fcfa20e, EFLAGS=0x0000000000010202

Top of Stack: (sp=0x0000005e417ff610)
0x0000005e417ff610:   000001e7c0ccb500 000001e700000000
0x0000005e417ff620:   000001e7c0ccb500 000001e700000002
0x0000005e417ff630:   000001e7e0c3bfc8 00007ffb9fcf359d
0x0000005e417ff640:   000001e7e0c3bfc8 000001e7e0647b80
0x0000005e417ff650:   000000000000001f 00007ffba01f5b50
0x0000005e417ff660:   000001e7e0c3bfc8 000001e7e0647b80
0x0000005e417ff670:   0000000800c07098 0000000000000000
0x0000005e417ff680:   000001e7e063f7e0 00007ffb9f892040
0x0000005e417ff690:   000001e7e0c3bfc8 0000005e00000002
0x0000005e417ff6a0:   000001e7e0c3bfc8 000001e7c0ccb500
0x0000005e417ff6b0:   000001e7e11f26c0 00007ffb9fcf8b29
0x0000005e417ff6c0:   000001e7e063f7f0 000001e7e0647b80
0x0000005e417ff6d0:   0000000000000000 00007ffb9fd35912
0x0000005e417ff6e0:   000001e7e0c3cf10 000001e7e0647b80
0x0000005e417ff6f0:   000001e7e0647b80 000001e7e0633230
0x0000005e417ff700:   000001e7c0e40160 000001e7c0e40170 

Instructions: (pc=0x00007ffb9fcfa20e)
0x00007ffb9fcfa10e:   f2 89 79 2e 66 89 79 2c 48 83 c1 08 e8 f1 6b d5
0x00007ffb9fcfa11e:   ff 48 8d 4b 0c e8 e8 6b d5 ff 40 38 3d be 1a 4c
0x00007ffb9fcfa12e:   00 74 09 8b 05 c1 b6 45 00 89 43 1c f2 0f 10 05
0x00007ffb9fcfa13e:   fe 55 28 00 4c 8d 44 24 30 ba 19 00 00 00 f2 0f
0x00007ffb9fcfa14e:   11 44 24 30 48 8b ce e8 e6 8f c0 ff f2 0f 10 4c
0x00007ffb9fcfa15e:   24 30 48 8b 0d 29 b4 45 00 e8 44 34 c0 ff 48 83
0x00007ffb9fcfa16e:   f8 40 7c 05 48 8b c7 eb 1d f2 0f 10 4c 24 30 48
0x00007ffb9fcfa17e:   8b 0d 0c b4 45 00 e8 27 34 c0 ff 48 8b c8 b8 01
0x00007ffb9fcfa18e:   00 00 00 48 d3 e0 f2 0f 10 4c 24 30 48 03 c0 83
0x00007ffb9fcfa19e:   e8 02 89 43 20 48 8b 0d 06 b4 45 00 e8 01 34 c0
0x00007ffb9fcfa1ae:   ff 48 83 f8 40 7d 1d f2 0f 10 4c 24 30 48 8b 0d
0x00007ffb9fcfa1be:   ee b3 45 00 e8 e9 33 c0 ff 48 8b c8 bf 01 00 00
0x00007ffb9fcfa1ce:   00 48 d3 e7 48 8b 74 24 40 8d 04 7d fe ff ff ff
0x00007ffb9fcfa1de:   89 43 24 48 8b c3 48 8b 5c 24 38 48 83 c4 20 5f
0x00007ffb9fcfa1ee:   c3 cc 40 53 48 83 ec 20 48 8b 01 41 b9 0d 00 00
0x00007ffb9fcfa1fe:   00 48 8b d9 48 8b 50 08 45 8d 41 fa 41 8d 49 2b
0x00007ffb9fcfa20e:   48 8b 42 08 48 8b 50 18 48 8b 92 98 00 00 00 e8
0x00007ffb9fcfa21e:   ae a5 a7 ff 48 85 c0 74 10 48 8b d3 48 8b c8 48
0x00007ffb9fcfa22e:   83 c4 20 5b e9 a9 fe ff ff 48 83 c4 20 5b c3 cc
0x00007ffb9fcfa23e:   cc cc 40 53 48 83 ec 30 48 8b 01 4c 8b ca 48 8b
0x00007ffb9fcfa24e:   d9 4c 89 4c 24 20 b9 38 00 00 00 4c 8b 40 08 44
0x00007ffb9fcfa25e:   8d 49 d5 49 8b 40 08 4c 8b 40 18 49 8b 90 98 00
0x00007ffb9fcfa26e:   00 00 44 8d 41 cf e8 77 a5 a7 ff 48 85 c0 74 10
0x00007ffb9fcfa27e:   48 8b d3 48 8b c8 48 83 c4 30 5b e9 52 fe ff ff
0x00007ffb9fcfa28e:   48 83 c4 30 5b c3 cc cc cc cc cc cc cc cc cc cc
0x00007ffb9fcfa29e:   cc cc 40 53 48 83 ec 20 48 8b d9 48 83 c1 08 e8
0x00007ffb9fcfa2ae:   6e 6a d5 ff 48 8d 4b 0c e8 65 6a d5 ff 33 c0 c7
0x00007ffb9fcfa2be:   43 1c ff ff ff 7f 66 89 43 2c 48 89 43 10 89 43
0x00007ffb9fcfa2ce:   28 89 43 18 66 89 43 30 48 83 c4 20 5b c3 cc cc
0x00007ffb9fcfa2de:   cc cc 48 8d 05 f1 0a 31 00 c3 cc cc cc cc cc cc
0x00007ffb9fcfa2ee:   cc cc 48 89 5c 24 08 57 48 83 ec 20 48 8b fa 48
0x00007ffb9fcfa2fe:   8b d9 48 8b cf 48 8d 15 e6 0a 31 00 e8 e1 ad 04 


Stack slot to memory mapping:
stack at sp + 0 slots: 0x000001e7c0ccb500 points into unknown readable memory: 0x0000000300000002 | 02 00 00 00 03 00 00 00
stack at sp + 1 slots: 0x000001e700000000 is an unknown value
stack at sp + 2 slots: 0x000001e7c0ccb500 points into unknown readable memory: 0x0000000300000002 | 02 00 00 00 03 00 00 00
stack at sp + 3 slots: 0x000001e700000002 is an unknown value
stack at sp + 4 slots: {method} {0x000001e7e0c3bfd0} 
[error occurred during error reporting (inspecting top of stack), id 0xc0000005, EXCEPTION_ACCESS_VIOLATION (0xc0000005) at pc=0x00007ffb9fcf7f5a]

VM_Operation (0x0000005e422ff680): ChangeBreakpoints, mode: safepoint, requested by thread 0x000001e7e1180360


---------------  P R O C E S S  ---------------

Threads class SMR info:
_java_thread_list=0x000001e7c0e53900, length=15, elements={
0x000001e7c0e52a60, 0x000001e7e064cf50, 0x000001e7e064dcd0, 0x000001e7e065c510,
0x000001e7e065fdf0, 0x000001e7e06606b0, 0x000001e7e0660f70, 0x000001e7e0661c10,
0x000001e7e06772b0, 0x000001e7e0691b90, 0x000001e7e0634c20, 0x000001e7e1180360,
0x000001e7e1213ea0, 0x000001e7e1217740, 0x000001e7e1279920
}

Java Threads: ( => current thread )
  0x000001e7c0e52a60 JavaThread "main" [_thread_blocked, id=13084, stack(0x0000005e41100000,0x0000005e41200000)]
  0x000001e7e064cf50 JavaThread "Reference Handler" daemon [_thread_blocked, id=8632, stack(0x0000005e41800000,0x0000005e41900000)]
  0x000001e7e064dcd0 JavaThread "Finalizer" daemon [_thread_blocked, id=9844, stack(0x0000005e41900000,0x0000005e41a00000)]
  0x000001e7e065c510 JavaThread "Signal Dispatcher" daemon [_thread_blocked, id=2872, stack(0x0000005e41a00000,0x0000005e41b00000)]
  0x000001e7e065fdf0 JavaThread "Attach Listener" daemon [_thread_blocked, id=1536, stack(0x0000005e41b00000,0x0000005e41c00000)]
  0x000001e7e06606b0 JavaThread "Service Thread" daemon [_thread_blocked, id=9784, stack(0x0000005e41c00000,0x0000005e41d00000)]
  0x000001e7e0660f70 JavaThread "Monitor Deflation Thread" daemon [_thread_blocked, id=9504, stack(0x0000005e41d00000,0x0000005e41e00000)]
  0x000001e7e0661c10 JavaThread "C2 CompilerThread0" daemon [_thread_blocked, id=10976, stack(0x0000005e41e00000,0x0000005e41f00000)]
  0x000001e7e06772b0 JavaThread "C1 CompilerThread0" daemon [_thread_blocked, id=3504, stack(0x0000005e41f00000,0x0000005e42000000)]
  0x000001e7e0691b90 JavaThread "Sweeper thread" daemon [_thread_blocked, id=2892, stack(0x0000005e42000000,0x0000005e42100000)]
  0x000001e7e0634c20 JavaThread "Common-Cleaner" daemon [_thread_blocked, id=10136, stack(0x0000005e42100000,0x0000005e42200000)]
  0x000001e7e1180360 JavaThread "JDWP Transport Listener: dt_socket" daemon [_thread_blocked, id=9172, stack(0x0000005e42200000,0x0000005e42300000)]
  0x000001e7e1213ea0 JavaThread "JDWP Event Helper Thread" daemon [_thread_blocked, id=8080, stack(0x0000005e42300000,0x0000005e42400000)]
  0x000001e7e1217740 JavaThread "JDWP Command Reader" daemon [_thread_in_native, id=12192, stack(0x0000005e42400000,0x0000005e42500000)]
  0x000001e7e1279920 JavaThread "Notification Thread" daemon [_thread_blocked, id=8732, stack(0x0000005e42600000,0x0000005e42700000)]

Other Threads:
=>0x000001e7e0647b80 VMThread "VM Thread" [stack: 0x0000005e41700000,0x0000005e41800000] [id=4824]
  0x000001e7e130de70 WatcherThread [stack: 0x0000005e42700000,0x0000005e42800000] [id=3688]
  0x000001e7c0dae790 GCTaskThread "GC Thread#0" [stack: 0x0000005e41200000,0x0000005e41300000] [id=3636]
  0x000001e7c0ef6010 ConcurrentGCThread "G1 Main Marker" [stack: 0x0000005e41300000,0x0000005e41400000] [id=8752]
  0x000001e7c0ef7940 ConcurrentGCThread "G1 Conc#0" [stack: 0x0000005e41400000,0x0000005e41500000] [id=8740]
  0x000001e7c0f2e9f0 ConcurrentGCThread "G1 Refine#0" [stack: 0x0000005e41500000,0x0000005e41600000] [id=2020]
  0x000001e7e05034d0 ConcurrentGCThread "G1 Service" [stack: 0x0000005e41600000,0x0000005e41700000] [id=5580]

Threads with active compile tasks:

VM state: at safepoint (normal execution)

VM Mutex/Monitor currently owned by a thread:  ([mutex/lock_event])
[0x000001e7c0e4d0c0] Threads_lock - owner thread: 0x000001e7e0647b80

Heap address: 0x0000000081800000, size: 2024 MB, Compressed Oops mode: 32-bit

CDS archive(s) mapped at: [0x0000000800000000-0x0000000800bd0000-0x0000000800bd0000), size 12386304, SharedBaseAddress: 0x0000000800000000, ArchiveRelocationMode: 0.
Compressed class space mapped at: 0x0000000800c00000-0x0000000840c00000, reserved size: 1073741824
Narrow klass base: 0x0000000800000000, Narrow klass shift: 0, Narrow klass range: 0x100000000

GC Precious Log:
 CPUs: 4 total, 4 available
 Memory: 8092M
 Large Page Support: Disabled
 NUMA Support: Disabled
 Compressed Oops: Enabled (32-bit)
 Heap Region Size: 1M
 Heap Min Capacity: 8M
 Heap Initial Capacity: 128M
 Heap Max Capacity: 2024M
 Pre-touch: Disabled
 Parallel Workers: 4
 Concurrent Workers: 1
 Concurrent Refinement Workers: 4
 Periodic GC: Disabled

Heap:
 garbage-first heap   total 131072K, used 4096K [0x0000000081800000, 0x0000000100000000)
  region size 1024K, 6 young (6144K), 0 survivors (0K)
 Metaspace       used 3083K, committed 3200K, reserved 1056768K
  class space    used 292K, committed 384K, reserved 1048576K

Heap Regions: E=young(eden), S=young(survivor), O=old, HS=humongous(starts), HC=humongous(continues), CS=collection set, F=free, OA=open archive, CA=closed archive, TAMS=top-at-mark-start (previous, next)
|   0|0x0000000081800000, 0x0000000081800000, 0x0000000081900000|  0%| F|  |TAMS 0x0000000081800000, 0x0000000081800000| Untracked 
|   1|0x0000000081900000, 0x0000000081900000, 0x0000000081a00000|  0%| F|  |TAMS 0x0000000081900000, 0x0000000081900000| Untracked 
|   2|0x0000000081a00000, 0x0000000081a00000, 0x0000000081b00000|  0%| F|  |TAMS 0x0000000081a00000, 0x0000000081a00000| Untracked 
|   3|0x0000000081b00000, 0x0000000081b00000, 0x0000000081c00000|  0%| F|  |TAMS 0x0000000081b00000, 0x0000000081b00000| Untracked 
|   4|0x0000000081c00000, 0x0000000081c00000, 0x0000000081d00000|  0%| F|  |TAMS 0x0000000081c00000, 0x0000000081c00000| Untracked 
|   5|0x0000000081d00000, 0x0000000081d00000, 0x0000000081e00000|  0%| F|  |TAMS 0x0000000081d00000, 0x0000000081d00000| Untracked 
|   6|0x0000000081e00000, 0x0000000081e00000, 0x0000000081f00000|  0%| F|  |TAMS 0x0000000081e00000, 0x0000000081e00000| Untracked 
|   7|0x0000000081f00000, 0x0000000081f00000, 0x0000000082000000|  0%| F|  |TAMS 0x0000000081f00000, 0x0000000081f00000| Untracked 
|   8|0x0000000082000000, 0x0000000082000000, 0x0000000082100000|  0%| F|  |TAMS 0x0000000082000000, 0x0000000082000000| Untracked 
|   9|0x0000000082100000, 0x0000000082100000, 0x0000000082200000|  0%| F|  |TAMS 0x0000000082100000, 0x0000000082100000| Untracked 
|  10|0x0000000082200000, 0x0000000082200000, 0x0000000082300000|  0%| F|  |TAMS 0x0000000082200000, 0x0000000082200000| Untracked 
|  11|0x0000000082300000, 0x0000000082300000, 0x0000000082400000|  0%| F|  |TAMS 0x0000000082300000, 0x0000000082300000| Untracked 
|  12|0x0000000082400000, 0x0000000082400000, 0x0000000082500000|  0%| F|  |TAMS 0x0000000082400000, 0x0000000082400000| Untracked 
|  13|0x0000000082500000, 0x0000000082500000, 0x0000000082600000|  0%| F|  |TAMS 0x0000000082500000, 0x0000000082500000| Untracked 
|  14|0x0000000082600000, 0x0000000082600000, 0x0000000082700000|  0%| F|  |TAMS 0x0000000082600000, 0x0000000082600000| Untracked 
|  15|0x0000000082700000, 0x0000000082700000, 0x0000000082800000|  0%| F|  |TAMS 0x0000000082700000, 0x0000000082700000| Untracked 
|  16|0x0000000082800000, 0x0000000082800000, 0x0000000082900000|  0%| F|  |TAMS 0x0000000082800000, 0x0000000082800000| Untracked 
|  17|0x0000000082900000, 0x0000000082900000, 0x0000000082a00000|  0%| F|  |TAMS 0x0000000082900000, 0x0000000082900000| Untracked 
|  18|0x0000000082a00000, 0x0000000082a00000, 0x0000000082b00000|  0%| F|  |TAMS 0x0000000082a00000, 0x0000000082a00000| Untracked 
|  19|0x0000000082b00000, 0x0000000082b00000, 0x0000000082c00000|  0%| F|  |TAMS 0x0000000082b00000, 0x0000000082b00000| Untracked 
|  20|0x0000000082c00000, 0x0000000082c00000, 0x0000000082d00000|  0%| F|  |TAMS 0x0000000082c00000, 0x0000000082c00000| Untracked 
|  21|0x0000000082d00000, 0x0000000082d00000, 0x0000000082e00000|  0%| F|  |TAMS 0x0000000082d00000, 0x0000000082d00000| Untracked 
|  22|0x0000000082e00000, 0x0000000082e00000, 0x0000000082f00000|  0%| F|  |TAMS 0x0000000082e00000, 0x0000000082e00000| Untracked 
|  23|0x0000000082f00000, 0x0000000082f00000, 0x0000000083000000|  0%| F|  |TAMS 0x0000000082f00000, 0x0000000082f00000| Untracked 
|  24|0x0000000083000000, 0x0000000083000000, 0x0000000083100000|  0%| F|  |TAMS 0x0000000083000000, 0x0000000083000000| Untracked 
|  25|0x0000000083100000, 0x0000000083100000, 0x0000000083200000|  0%| F|  |TAMS 0x0000000083100000, 0x0000000083100000| Untracked 
|  26|0x0000000083200000, 0x0000000083200000, 0x0000000083300000|  0%| F|  |TAMS 0x0000000083200000, 0x0000000083200000| Untracked 
|  27|0x0000000083300000, 0x0000000083300000, 0x0000000083400000|  0%| F|  |TAMS 0x0000000083300000, 0x0000000083300000| Untracked 
|  28|0x0000000083400000, 0x0000000083400000, 0x0000000083500000|  0%| F|  |TAMS 0x0000000083400000, 0x0000000083400000| Untracked 
|  29|0x0000000083500000, 0x0000000083500000, 0x0000000083600000|  0%| F|  |TAMS 0x0000000083500000, 0x0000000083500000| Untracked 
|  30|0x0000000083600000, 0x0000000083600000, 0x0000000083700000|  0%| F|  |TAMS 0x0000000083600000, 0x0000000083600000| Untracked 
|  31|0x0000000083700000, 0x0000000083700000, 0x0000000083800000|  0%| F|  |TAMS 0x0000000083700000, 0x0000000083700000| Untracked 
|  32|0x0000000083800000, 0x0000000083800000, 0x0000000083900000|  0%| F|  |TAMS 0x0000000083800000, 0x0000000083800000| Untracked 
|  33|0x0000000083900000, 0x0000000083900000, 0x0000000083a00000|  0%| F|  |TAMS 0x0000000083900000, 0x0000000083900000| Untracked 
|  34|0x0000000083a00000, 0x0000000083a00000, 0x0000000083b00000|  0%| F|  |TAMS 0x0000000083a00000, 0x0000000083a00000| Untracked 
|  35|0x0000000083b00000, 0x0000000083b00000, 0x0000000083c00000|  0%| F|  |TAMS 0x0000000083b00000, 0x0000000083b00000| Untracked 
|  36|0x0000000083c00000, 0x0000000083c00000, 0x0000000083d00000|  0%| F|  |TAMS 0x0000000083c00000, 0x0000000083c00000| Untracked 
|  37|0x0000000083d00000, 0x0000000083d00000, 0x0000000083e00000|  0%| F|  |TAMS 0x0000000083d00000, 0x0000000083d00000| Untracked 
|  38|0x0000000083e00000, 0x0000000083e00000, 0x0000000083f00000|  0%| F|  |TAMS 0x0000000083e00000, 0x0000000083e00000| Untracked 
|  39|0x0000000083f00000, 0x0000000083f00000, 0x0000000084000000|  0%| F|  |TAMS 0x0000000083f00000, 0x0000000083f00000| Untracked 
|  40|0x0000000084000000, 0x0000000084000000, 0x0000000084100000|  0%| F|  |TAMS 0x0000000084000000, 0x0000000084000000| Untracked 
|  41|0x0000000084100000, 0x0000000084100000, 0x0000000084200000|  0%| F|  |TAMS 0x0000000084100000, 0x0000000084100000| Untracked 
|  42|0x0000000084200000, 0x0000000084200000, 0x0000000084300000|  0%| F|  |TAMS 0x0000000084200000, 0x0000000084200000| Untracked 
|  43|0x0000000084300000, 0x0000000084300000, 0x0000000084400000|  0%| F|  |TAMS 0x0000000084300000, 0x0000000084300000| Untracked 
|  44|0x0000000084400000, 0x0000000084400000, 0x0000000084500000|  0%| F|  |TAMS 0x0000000084400000, 0x0000000084400000| Untracked 
|  45|0x0000000084500000, 0x0000000084500000, 0x0000000084600000|  0%| F|  |TAMS 0x0000000084500000, 0x0000000084500000| Untracked 
|  46|0x0000000084600000, 0x0000000084600000, 0x0000000084700000|  0%| F|  |TAMS 0x0000000084600000, 0x0000000084600000| Untracked 
|  47|0x0000000084700000, 0x0000000084700000, 0x0000000084800000|  0%| F|  |TAMS 0x0000000084700000, 0x0000000084700000| Untracked 
|  48|0x0000000084800000, 0x0000000084800000, 0x0000000084900000|  0%| F|  |TAMS 0x0000000084800000, 0x0000000084800000| Untracked 
|  49|0x0000000084900000, 0x0000000084900000, 0x0000000084a00000|  0%| F|  |TAMS 0x0000000084900000, 0x0000000084900000| Untracked 
|  50|0x0000000084a00000, 0x0000000084a00000, 0x0000000084b00000|  0%| F|  |TAMS 0x0000000084a00000, 0x0000000084a00000| Untracked 
|  51|0x0000000084b00000, 0x0000000084b00000, 0x0000000084c00000|  0%| F|  |TAMS 0x0000000084b00000, 0x0000000084b00000| Untracked 
|  52|0x0000000084c00000, 0x0000000084c00000, 0x0000000084d00000|  0%| F|  |TAMS 0x0000000084c00000, 0x0000000084c00000| Untracked 
|  53|0x0000000084d00000, 0x0000000084d00000, 0x0000000084e00000|  0%| F|  |TAMS 0x0000000084d00000, 0x0000000084d00000| Untracked 
|  54|0x0000000084e00000, 0x0000000084e00000, 0x0000000084f00000|  0%| F|  |TAMS 0x0000000084e00000, 0x0000000084e00000| Untracked 
|  55|0x0000000084f00000, 0x0000000084f00000, 0x0000000085000000|  0%| F|  |TAMS 0x0000000084f00000, 0x0000000084f00000| Untracked 
|  56|0x0000000085000000, 0x0000000085000000, 0x0000000085100000|  0%| F|  |TAMS 0x0000000085000000, 0x0000000085000000| Untracked 
|  57|0x0000000085100000, 0x0000000085100000, 0x0000000085200000|  0%| F|  |TAMS 0x0000000085100000, 0x0000000085100000| Untracked 
|  58|0x0000000085200000, 0x0000000085200000, 0x0000000085300000|  0%| F|  |TAMS 0x0000000085200000, 0x0000000085200000| Untracked 
|  59|0x0000000085300000, 0x0000000085300000, 0x0000000085400000|  0%| F|  |TAMS 0x0000000085300000, 0x0000000085300000| Untracked 
|  60|0x0000000085400000, 0x0000000085400000, 0x0000000085500000|  0%| F|  |TAMS 0x0000000085400000, 0x0000000085400000| Untracked 
|  61|0x0000000085500000, 0x0000000085500000, 0x0000000085600000|  0%| F|  |TAMS 0x0000000085500000, 0x0000000085500000| Untracked 
|  62|0x0000000085600000, 0x0000000085600000, 0x0000000085700000|  0%| F|  |TAMS 0x0000000085600000, 0x0000000085600000| Untracked 
|  63|0x0000000085700000, 0x0000000085700000, 0x0000000085800000|  0%| F|  |TAMS 0x0000000085700000, 0x0000000085700000| Untracked 
|  64|0x0000000085800000, 0x0000000085800000, 0x0000000085900000|  0%| F|  |TAMS 0x0000000085800000, 0x0000000085800000| Untracked 
|  65|0x0000000085900000, 0x0000000085900000, 0x0000000085a00000|  0%| F|  |TAMS 0x0000000085900000, 0x0000000085900000| Untracked 
|  66|0x0000000085a00000, 0x0000000085a00000, 0x0000000085b00000|  0%| F|  |TAMS 0x0000000085a00000, 0x0000000085a00000| Untracked 
|  67|0x0000000085b00000, 0x0000000085b00000, 0x0000000085c00000|  0%| F|  |TAMS 0x0000000085b00000, 0x0000000085b00000| Untracked 
|  68|0x0000000085c00000, 0x0000000085c00000, 0x0000000085d00000|  0%| F|  |TAMS 0x0000000085c00000, 0x0000000085c00000| Untracked 
|  69|0x0000000085d00000, 0x0000000085d00000, 0x0000000085e00000|  0%| F|  |TAMS 0x0000000085d00000, 0x0000000085d00000| Untracked 
|  70|0x0000000085e00000, 0x0000000085e00000, 0x0000000085f00000|  0%| F|  |TAMS 0x0000000085e00000, 0x0000000085e00000| Untracked 
|  71|0x0000000085f00000, 0x0000000085f00000, 0x0000000086000000|  0%| F|  |TAMS 0x0000000085f00000, 0x0000000085f00000| Untracked 
|  72|0x0000000086000000, 0x0000000086000000, 0x0000000086100000|  0%| F|  |TAMS 0x0000000086000000, 0x0000000086000000| Untracked 
|  73|0x0000000086100000, 0x0000000086100000, 0x0000000086200000|  0%| F|  |TAMS 0x0000000086100000, 0x0000000086100000| Untracked 
|  74|0x0000000086200000, 0x0000000086200000, 0x0000000086300000|  0%| F|  |TAMS 0x0000000086200000, 0x0000000086200000| Untracked 
|  75|0x0000000086300000, 0x0000000086300000, 0x0000000086400000|  0%| F|  |TAMS 0x0000000086300000, 0x0000000086300000| Untracked 
|  76|0x0000000086400000, 0x0000000086400000, 0x0000000086500000|  0%| F|  |TAMS 0x0000000086400000, 0x0000000086400000| Untracked 
|  77|0x0000000086500000, 0x0000000086500000, 0x0000000086600000|  0%| F|  |TAMS 0x0000000086500000, 0x0000000086500000| Untracked 
|  78|0x0000000086600000, 0x0000000086600000, 0x0000000086700000|  0%| F|  |TAMS 0x0000000086600000, 0x0000000086600000| Untracked 
|  79|0x0000000086700000, 0x0000000086700000, 0x0000000086800000|  0%| F|  |TAMS 0x0000000086700000, 0x0000000086700000| Untracked 
|  80|0x0000000086800000, 0x0000000086800000, 0x0000000086900000|  0%| F|  |TAMS 0x0000000086800000, 0x0000000086800000| Untracked 
|  81|0x0000000086900000, 0x0000000086900000, 0x0000000086a00000|  0%| F|  |TAMS 0x0000000086900000, 0x0000000086900000| Untracked 
|  82|0x0000000086a00000, 0x0000000086a00000, 0x0000000086b00000|  0%| F|  |TAMS 0x0000000086a00000, 0x0000000086a00000| Untracked 
|  83|0x0000000086b00000, 0x0000000086b00000, 0x0000000086c00000|  0%| F|  |TAMS 0x0000000086b00000, 0x0000000086b00000| Untracked 
|  84|0x0000000086c00000, 0x0000000086c00000, 0x0000000086d00000|  0%| F|  |TAMS 0x0000000086c00000, 0x0000000086c00000| Untracked 
|  85|0x0000000086d00000, 0x0000000086d00000, 0x0000000086e00000|  0%| F|  |TAMS 0x0000000086d00000, 0x0000000086d00000| Untracked 
|  86|0x0000000086e00000, 0x0000000086e00000, 0x0000000086f00000|  0%| F|  |TAMS 0x0000000086e00000, 0x0000000086e00000| Untracked 
|  87|0x0000000086f00000, 0x0000000086f00000, 0x0000000087000000|  0%| F|  |TAMS 0x0000000086f00000, 0x0000000086f00000| Untracked 
|  88|0x0000000087000000, 0x0000000087000000, 0x0000000087100000|  0%| F|  |TAMS 0x0000000087000000, 0x0000000087000000| Untracked 
|  89|0x0000000087100000, 0x0000000087100000, 0x0000000087200000|  0%| F|  |TAMS 0x0000000087100000, 0x0000000087100000| Untracked 
|  90|0x0000000087200000, 0x0000000087200000, 0x0000000087300000|  0%| F|  |TAMS 0x0000000087200000, 0x0000000087200000| Untracked 
|  91|0x0000000087300000, 0x0000000087300000, 0x0000000087400000|  0%| F|  |TAMS 0x0000000087300000, 0x0000000087300000| Untracked 
|  92|0x0000000087400000, 0x0000000087400000, 0x0000000087500000|  0%| F|  |TAMS 0x0000000087400000, 0x0000000087400000| Untracked 
|  93|0x0000000087500000, 0x0000000087500000, 0x0000000087600000|  0%| F|  |TAMS 0x0000000087500000, 0x0000000087500000| Untracked 
|  94|0x0000000087600000, 0x0000000087600000, 0x0000000087700000|  0%| F|  |TAMS 0x0000000087600000, 0x0000000087600000| Untracked 
|  95|0x0000000087700000, 0x0000000087700000, 0x0000000087800000|  0%| F|  |TAMS 0x0000000087700000, 0x0000000087700000| Untracked 
|  96|0x0000000087800000, 0x0000000087800000, 0x0000000087900000|  0%| F|  |TAMS 0x0000000087800000, 0x0000000087800000| Untracked 
|  97|0x0000000087900000, 0x0000000087900000, 0x0000000087a00000|  0%| F|  |TAMS 0x0000000087900000, 0x0000000087900000| Untracked 
|  98|0x0000000087a00000, 0x0000000087a00000, 0x0000000087b00000|  0%| F|  |TAMS 0x0000000087a00000, 0x0000000087a00000| Untracked 
|  99|0x0000000087b00000, 0x0000000087b00000, 0x0000000087c00000|  0%| F|  |TAMS 0x0000000087b00000, 0x0000000087b00000| Untracked 
| 100|0x0000000087c00000, 0x0000000087c00000, 0x0000000087d00000|  0%| F|  |TAMS 0x0000000087c00000, 0x0000000087c00000| Untracked 
| 101|0x0000000087d00000, 0x0000000087d00000, 0x0000000087e00000|  0%| F|  |TAMS 0x0000000087d00000, 0x0000000087d00000| Untracked 
| 102|0x0000000087e00000, 0x0000000087e00000, 0x0000000087f00000|  0%| F|  |TAMS 0x0000000087e00000, 0x0000000087e00000| Untracked 
| 103|0x0000000087f00000, 0x0000000087f00000, 0x0000000088000000|  0%| F|  |TAMS 0x0000000087f00000, 0x0000000087f00000| Untracked 
| 104|0x0000000088000000, 0x0000000088000000, 0x0000000088100000|  0%| F|  |TAMS 0x0000000088000000, 0x0000000088000000| Untracked 
| 105|0x0000000088100000, 0x0000000088100000, 0x0000000088200000|  0%| F|  |TAMS 0x0000000088100000, 0x0000000088100000| Untracked 
| 106|0x0000000088200000, 0x0000000088200000, 0x0000000088300000|  0%| F|  |TAMS 0x0000000088200000, 0x0000000088200000| Untracked 
| 107|0x0000000088300000, 0x0000000088300000, 0x0000000088400000|  0%| F|  |TAMS 0x0000000088300000, 0x0000000088300000| Untracked 
| 108|0x0000000088400000, 0x0000000088400000, 0x0000000088500000|  0%| F|  |TAMS 0x0000000088400000, 0x0000000088400000| Untracked 
| 109|0x0000000088500000, 0x0000000088500000, 0x0000000088600000|  0%| F|  |TAMS 0x0000000088500000, 0x0000000088500000| Untracked 
| 110|0x0000000088600000, 0x0000000088600000, 0x0000000088700000|  0%| F|  |TAMS 0x0000000088600000, 0x0000000088600000| Untracked 
| 111|0x0000000088700000, 0x0000000088700000, 0x0000000088800000|  0%| F|  |TAMS 0x0000000088700000, 0x0000000088700000| Untracked 
| 112|0x0000000088800000, 0x0000000088800000, 0x0000000088900000|  0%| F|  |TAMS 0x0000000088800000, 0x0000000088800000| Untracked 
| 113|0x0000000088900000, 0x0000000088900000, 0x0000000088a00000|  0%| F|  |TAMS 0x0000000088900000, 0x0000000088900000| Untracked 
| 114|0x0000000088a00000, 0x0000000088a00000, 0x0000000088b00000|  0%| F|  |TAMS 0x0000000088a00000, 0x0000000088a00000| Untracked 
| 115|0x0000000088b00000, 0x0000000088b00000, 0x0000000088c00000|  0%| F|  |TAMS 0x0000000088b00000, 0x0000000088b00000| Untracked 
| 116|0x0000000088c00000, 0x0000000088c00000, 0x0000000088d00000|  0%| F|  |TAMS 0x0000000088c00000, 0x0000000088c00000| Untracked 
| 117|0x0000000088d00000, 0x0000000088d00000, 0x0000000088e00000|  0%| F|  |TAMS 0x0000000088d00000, 0x0000000088d00000| Untracked 
| 118|0x0000000088e00000, 0x0000000088e00000, 0x0000000088f00000|  0%| F|  |TAMS 0x0000000088e00000, 0x0000000088e00000| Untracked 
| 119|0x0000000088f00000, 0x0000000088f00000, 0x0000000089000000|  0%| F|  |TAMS 0x0000000088f00000, 0x0000000088f00000| Untracked 
| 120|0x0000000089000000, 0x0000000089000000, 0x0000000089100000|  0%| F|  |TAMS 0x0000000089000000, 0x0000000089000000| Untracked 
| 121|0x0000000089100000, 0x0000000089100000, 0x0000000089200000|  0%| F|  |TAMS 0x0000000089100000, 0x0000000089100000| Untracked 
| 122|0x0000000089200000, 0x00000000892a8238, 0x0000000089300000| 65%| E|  |TAMS 0x0000000089200000, 0x0000000089200000| Complete 
| 123|0x0000000089300000, 0x0000000089400000, 0x0000000089400000|100%| E|  |TAMS 0x0000000089300000, 0x0000000089300000| Complete 
| 124|0x0000000089400000, 0x0000000089500000, 0x0000000089500000|100%| E|CS|TAMS 0x0000000089400000, 0x0000000089400000| Complete 
| 125|0x0000000089500000, 0x0000000089600000, 0x0000000089600000|100%| E|CS|TAMS 0x0000000089500000, 0x0000000089500000| Complete 
| 126|0x0000000089600000, 0x0000000089700000, 0x0000000089700000|100%| E|CS|TAMS 0x0000000089600000, 0x0000000089600000| Complete 
| 127|0x0000000089700000, 0x0000000089800000, 0x0000000089800000|100%| E|CS|TAMS 0x0000000089700000, 0x0000000089700000| Complete 

Card table byte_map: [0x000001e7d98f0000,0x000001e7d9cf0000] _byte_map_base: 0x000001e7d94e4000

Marking Bits (Prev, Next): (CMBitMap*) 0x000001e7c0ea7f00, (CMBitMap*) 0x000001e7c0ea7f40
 Prev Bits: [0x000001e7da0f0000, 0x000001e7dc090000)
 Next Bits: [0x000001e7dc090000, 0x000001e7de030000)

Polling page: 0x000001e7c0f30000

Metaspace:

Usage:
  Non-class:      2.73 MB used.
      Class:    292.05 KB used.
       Both:      3.01 MB used.

Virtual space:
  Non-class space:        8.00 MB reserved,       2.75 MB ( 34%) committed,  1 nodes.
      Class space:        1.00 GB reserved,     384.00 KB ( <1%) committed,  1 nodes.
             Both:        1.01 GB reserved,       3.12 MB ( <1%) committed. 

Chunk freelists:
   Non-Class:  3.75 MB
       Class:  3.60 MB
        Both:  7.35 MB

MaxMetaspaceSize: unlimited
CompressedClassSpaceSize: 1.00 GB
Initial GC threshold: 21.00 MB
Current GC threshold: 21.00 MB
CDS: on
MetaspaceReclaimPolicy: balanced
 - commit_granule_bytes: 65536.
 - commit_granule_words: 8192.
 - virtual_space_node_default_size: 1048576.
 - enlarge_chunks_in_place: 1.
 - new_chunks_are_fully_committed: 0.
 - uncommit_free_chunks: 1.
 - use_allocation_guard: 0.
 - handle_deallocations: 1.


Internal statistics:

num_allocs_failed_limit: 0.
num_arena_births: 14.
num_arena_deaths: 0.
num_vsnodes_births: 2.
num_vsnodes_deaths: 0.
num_space_committed: 50.
num_space_uncommitted: 0.
num_chunks_returned_to_freelist: 0.
num_chunks_taken_from_freelist: 34.
num_chunk_merges: 0.
num_chunk_splits: 20.
num_chunks_enlarged: 13.
num_purges: 0.
num_inconsistent_stats: 0.

CodeHeap 'non-profiled nmethods': size=120000Kb used=153Kb max_used=153Kb free=119846Kb
 bounds [0x000001e7d19a0000, 0x000001e7d1c10000, 0x000001e7d8ed0000]
CodeHeap 'profiled nmethods': size=120000Kb used=779Kb max_used=779Kb free=119220Kb
 bounds [0x000001e7ca470000, 0x000001e7ca6e0000, 0x000001e7d19a0000]
CodeHeap 'non-nmethods': size=5760Kb used=1206Kb max_used=1224Kb free=4553Kb
 bounds [0x000001e7c9ed0000, 0x000001e7ca140000, 0x000001e7ca470000]
 total_blobs=906 nmethods=482 adapters=337
 compilation: enabled
              stopped_count=0, restarted_count=0
 full_count=0

Compilation events (20 events):
Event: 0.349 Thread 0x000001e7e06772b0 nmethod 472 0x000001e7ca52ad10 code [0x000001e7ca52aec0, 0x000001e7ca52b138]
Event: 0.352 Thread 0x000001e7e06772b0  473       1       java.util.jar.Manifest::getEntries (5 bytes)
Event: 0.352 Thread 0x000001e7e06772b0 nmethod 473 0x000001e7d19c3b10 code [0x000001e7d19c3ca0, 0x000001e7d19c3d78]
Event: 0.353 Thread 0x000001e7e06772b0  474       3       java.lang.invoke.VarHandleGuards::guard_LII_V (137 bytes)
Event: 0.355 Thread 0x000001e7e06772b0 nmethod 474 0x000001e7ca52b290 code [0x000001e7ca52b700, 0x000001e7ca52e418]
Event: 0.355 Thread 0x000001e7e06772b0  475       3       java.lang.invoke.VarHandleByteArrayAsInts$ArrayHandle::set (39 bytes)
Event: 0.356 Thread 0x000001e7e06772b0 nmethod 475 0x000001e7ca52f190 code [0x000001e7ca52f380, 0x000001e7ca52f8f8]
Event: 0.356 Thread 0x000001e7e06772b0  476       3       jdk.internal.misc.Unsafe::putIntUnaligned (14 bytes)
Event: 0.356 Thread 0x000001e7e06772b0 nmethod 476 0x000001e7ca52fb10 code [0x000001e7ca52fcc0, 0x000001e7ca52ff18]
Event: 0.356 Thread 0x000001e7e1278140 nmethod 465% 0x000001e7d19c4110 code [0x000001e7d19c42a0, 0x000001e7d19c4d98]
Event: 0.357 Thread 0x000001e7e0661c10  478       4       sun.security.provider.SHA2::implCompress0 (490 bytes)
Event: 0.357 Thread 0x000001e7e06772b0  479       3       sun.security.x509.X509CertImpl::getEncodedInternal (20 bytes)
Event: 0.358 Thread 0x000001e7e06772b0 nmethod 479 0x000001e7ca530010 code [0x000001e7ca530240, 0x000001e7ca530a48]
Event: 0.358 Thread 0x000001e7e06772b0  480   !   3       java.security.cert.Certificate::equals (38 bytes)
Event: 0.358 Thread 0x000001e7e06772b0 nmethod 480 0x000001e7ca530c90 code [0x000001e7ca530fa0, 0x000001e7ca5322e8]
Event: 0.358 Thread 0x000001e7e06772b0  481       1       java.util.zip.ZipCoder$UTF8ZipCoder::isUTF8 (2 bytes)
Event: 0.358 Thread 0x000001e7e06772b0 nmethod 481 0x000001e7d19c5010 code [0x000001e7d19c51a0, 0x000001e7d19c5278]
Event: 0.379 Thread 0x000001e7e0661c10 nmethod 478 0x000001e7d19c5310 code [0x000001e7d19c54c0, 0x000001e7d19c60f8]
Event: 377.847 Thread 0x000001e7e06772b0  482       3       org.eclipse.jdt.launching.internal.org.objectweb.asm.ClassReader::readUnsignedShort (26 bytes)
Event: 377.847 Thread 0x000001e7e06772b0 nmethod 482 0x000001e7ca532a90 code [0x000001e7ca532c20, 0x000001e7ca532d98]

GC Heap History (0 events):
No events

Deoptimization events (20 events):
Event: 0.348 Thread 0x000001e7c0e52a60 DEOPT PACKING pc=0x000001e7ca51a434 sp=0x0000005e411f8730
Event: 0.348 Thread 0x000001e7c0e52a60 DEOPT UNPACKING pc=0x000001e7c9f22b43 sp=0x0000005e411f7b98 mode 0
Event: 0.350 Thread 0x000001e7c0e52a60 DEOPT PACKING pc=0x000001e7ca51a434 sp=0x0000005e411fc180
Event: 0.350 Thread 0x000001e7c0e52a60 DEOPT UNPACKING pc=0x000001e7c9f22b43 sp=0x0000005e411fb5e8 mode 0
Event: 0.350 Thread 0x000001e7c0e52a60 DEOPT PACKING pc=0x000001e7ca51a434 sp=0x0000005e411fc180
Event: 0.350 Thread 0x000001e7c0e52a60 DEOPT UNPACKING pc=0x000001e7c9f22b43 sp=0x0000005e411fb5e8 mode 0
Event: 0.353 Thread 0x000001e7c0e52a60 DEOPT PACKING pc=0x000001e7ca51a434 sp=0x0000005e411fc0b0
Event: 0.353 Thread 0x000001e7c0e52a60 DEOPT UNPACKING pc=0x000001e7c9f22b43 sp=0x0000005e411fb518 mode 0
Event: 0.354 Thread 0x000001e7c0e52a60 DEOPT PACKING pc=0x000001e7ca51a434 sp=0x0000005e411fc180
Event: 0.354 Thread 0x000001e7c0e52a60 DEOPT UNPACKING pc=0x000001e7c9f22b43 sp=0x0000005e411fb5e8 mode 0
Event: 0.357 Thread 0x000001e7c0e52a60 DEOPT PACKING pc=0x000001e7ca51a434 sp=0x0000005e411f8320
Event: 0.357 Thread 0x000001e7c0e52a60 DEOPT UNPACKING pc=0x000001e7c9f22b43 sp=0x0000005e411f7788 mode 0
Event: 0.359 Thread 0x000001e7c0e52a60 DEOPT PACKING pc=0x000001e7ca51a434 sp=0x0000005e411f8320
Event: 0.359 Thread 0x000001e7c0e52a60 DEOPT UNPACKING pc=0x000001e7c9f22b43 sp=0x0000005e411f7788 mode 0
Event: 0.359 Thread 0x000001e7c0e52a60 DEOPT PACKING pc=0x000001e7ca51a434 sp=0x0000005e411f8320
Event: 0.359 Thread 0x000001e7c0e52a60 DEOPT UNPACKING pc=0x000001e7c9f22b43 sp=0x0000005e411f7788 mode 0
Event: 0.359 Thread 0x000001e7c0e52a60 DEOPT PACKING pc=0x000001e7ca51a35c sp=0x0000005e411f8320
Event: 0.359 Thread 0x000001e7c0e52a60 DEOPT UNPACKING pc=0x000001e7c9f22b43 sp=0x0000005e411f7788 mode 0
Event: 0.359 Thread 0x000001e7c0e52a60 DEOPT PACKING pc=0x000001e7ca51a35c sp=0x0000005e411f8320
Event: 0.359 Thread 0x000001e7c0e52a60 DEOPT UNPACKING pc=0x000001e7c9f22b43 sp=0x0000005e411f7788 mode 0

Classes unloaded (0 events):
No events

Classes redefined (2 events):
Event: 317.041 Thread 0x000001e7e0647b80 redefined class name=debug.Ejercicio2, count=1
Event: 377.849 Thread 0x000001e7e0647b80 redefined class name=debug.Ejercicio2, count=2

Internal exceptions (1 events):
Event: 0.096 Thread 0x000001e7c0e52a60 Exception <a 'java/lang/NoSuchMethodError'{0x000000008961fef0}: 'void java.lang.invoke.DirectMethodHandle$Holder.invokeVirtual(java.lang.Object, java.lang.Object)'> (0x000000008961fef0) 
thrown [s\open\src\hotspot\share\interpreter\linkResolver.cpp, line 759]

VM Operations (13 events):
Event: 0.109 Executing VM operation: HandshakeAllThreads
Event: 0.109 Executing VM operation: HandshakeAllThreads done
Event: 0.135 Executing VM operation: ChangeBreakpoints
Event: 0.135 Executing VM operation: ChangeBreakpoints done
Event: 0.186 Executing VM operation: ChangeBreakpoints
Event: 0.186 Executing VM operation: ChangeBreakpoints done
Event: 1.199 Executing VM operation: Cleanup
Event: 1.199 Executing VM operation: Cleanup done
Event: 317.040 Executing VM operation: RedefineClasses
Event: 317.043 Executing VM operation: RedefineClasses done
Event: 377.847 Executing VM operation: RedefineClasses
Event: 377.852 Executing VM operation: RedefineClasses done
Event: 377.855 Executing VM operation: ChangeBreakpoints

Events (20 events):
Event: 0.344 loading class jdk/internal/reflect/Label done
Event: 0.344 loading class jdk/internal/reflect/Label$PatchInfo
Event: 0.344 loading class jdk/internal/reflect/Label$PatchInfo done
Event: 0.344 loading class jdk/internal/reflect/MethodAccessorGenerator$1
Event: 0.344 loading class jdk/internal/reflect/MethodAccessorGenerator$1 done
Event: 0.344 loading class jdk/internal/reflect/ClassDefiner
Event: 0.344 loading class jdk/internal/reflect/ClassDefiner done
Event: 0.344 loading class jdk/internal/reflect/ClassDefiner$1
Event: 0.344 loading class jdk/internal/reflect/ClassDefiner$1 done
Event: 0.345 loading class jdk/internal/reflect/BootstrapConstructorAccessorImpl
Event: 0.345 loading class jdk/internal/reflect/BootstrapConstructorAccessorImpl done
Event: 0.360 loading class java/lang/IllegalStateException
Event: 0.360 loading class java/lang/IllegalStateException done
Event: 0.361 loading class java/lang/WeakPairMap$Pair$Weak
Event: 0.361 loading class java/lang/WeakPairMap$WeakRefPeer
Event: 0.361 loading class java/lang/WeakPairMap$WeakRefPeer done
Event: 0.361 loading class java/lang/WeakPairMap$Pair$Weak done
Event: 0.361 loading class java/lang/WeakPairMap$Pair$Weak$1
Event: 0.361 loading class java/lang/WeakPairMap$Pair$Weak$1 done
Event: 5.372 Thread 0x000001e7e1278140 Thread exited: 0x000001e7e1278140


Dynamic libraries:
0x00007ff734300000 - 0x00007ff734310000 	C:\Program Files\Java\jdk-17.0.5\bin\javaw.exe
0x00007ffc0ce70000 - 0x00007ffc0d065000 	C:\Windows\SYSTEM32\ntdll.dll
0x00007ffc0ba50000 - 0x00007ffc0bb0e000 	C:\Windows\System32\KERNEL32.DLL
0x00007ffc0a990000 - 0x00007ffc0ac58000 	C:\Windows\System32\KERNELBASE.dll
0x00007ffc0ada0000 - 0x00007ffc0aea0000 	C:\Windows\System32\ucrtbase.dll
0x00007ffc05c30000 - 0x00007ffc05c48000 	C:\Program Files\Java\jdk-17.0.5\bin\jli.dll
0x00007ffc0c630000 - 0x00007ffc0c6de000 	C:\Windows\System32\ADVAPI32.dll
0x00007ffc0bb70000 - 0x00007ffc0bc0e000 	C:\Windows\System32\msvcrt.dll
0x00007ffc0bec0000 - 0x00007ffc0bf5c000 	C:\Windows\System32\sechost.dll
0x00007ffc0bd60000 - 0x00007ffc0be85000 	C:\Windows\System32\RPCRT4.dll
0x00007ffc0bf60000 - 0x00007ffc0c100000 	C:\Windows\System32\USER32.dll
0x00007ffc0aea0000 - 0x00007ffc0aec2000 	C:\Windows\System32\win32u.dll
0x00007ffc0b0a0000 - 0x00007ffc0b0ca000 	C:\Windows\System32\GDI32.dll
0x00007ffc0a590000 - 0x00007ffc0a69b000 	C:\Windows\System32\gdi32full.dll
0x00007ffc0a850000 - 0x00007ffc0a8ed000 	C:\Windows\System32\msvcp_win.dll
0x00007ffc05c10000 - 0x00007ffc05c2a000 	C:\Program Files\Java\jdk-17.0.5\bin\VCRUNTIME140.dll
0x00007ffbe8f30000 - 0x00007ffbe91ca000 	C:\Windows\WinSxS\amd64_microsoft.windows.common-controls_6595b64144ccf1df_6.0.19041.1110_none_60b5254171f9507e\COMCTL32.dll
0x00007ffc055d0000 - 0x00007ffc055da000 	C:\Windows\SYSTEM32\VERSION.dll
0x00007ffc0af80000 - 0x00007ffc0afb0000 	C:\Windows\System32\IMM32.DLL
0x00007ffc06050000 - 0x00007ffc0605c000 	C:\Program Files\Java\jdk-17.0.5\bin\vcruntime140_1.dll
0x00007ffbf8d80000 - 0x00007ffbf8e0d000 	C:\Program Files\Java\jdk-17.0.5\bin\msvcp140.dll
0x00007ffb9f6d0000 - 0x00007ffba0292000 	C:\Program Files\Java\jdk-17.0.5\bin\server\jvm.dll
0x00007ffc0b090000 - 0x00007ffc0b098000 	C:\Windows\System32\PSAPI.DLL
0x00007ffbfd6a0000 - 0x00007ffbfd6a9000 	C:\Windows\SYSTEM32\WSOCK32.dll
0x00007ffbf9a10000 - 0x00007ffbf9a37000 	C:\Windows\SYSTEM32\WINMM.dll
0x00007ffc0b770000 - 0x00007ffc0b7db000 	C:\Windows\System32\WS2_32.dll
0x00007ffc083f0000 - 0x00007ffc08402000 	C:\Windows\SYSTEM32\kernel.appcore.dll
0x00007ffc00a60000 - 0x00007ffc00a6a000 	C:\Program Files\Java\jdk-17.0.5\bin\jimage.dll
0x00007ffbfd400000 - 0x00007ffbfd5e4000 	C:\Windows\SYSTEM32\DBGHELP.DLL
0x00007ffbfca50000 - 0x00007ffbfca7c000 	C:\Windows\SYSTEM32\dbgcore.DLL
0x00007ffc0ac60000 - 0x00007ffc0ace2000 	C:\Windows\System32\bcryptPrimitives.dll
0x00007ffbff290000 - 0x00007ffbff2cb000 	C:\Program Files\Java\jdk-17.0.5\bin\jdwp.dll
0x00007ffbfdf90000 - 0x00007ffbfdf9e000 	C:\Program Files\Java\jdk-17.0.5\bin\instrument.dll
0x00007ffbfdef0000 - 0x00007ffbfdf15000 	C:\Program Files\Java\jdk-17.0.5\bin\java.dll
0x00007ffbe49b0000 - 0x00007ffbe4a86000 	C:\Program Files\Java\jdk-17.0.5\bin\jsvml.dll
0x00007ffc0c6e0000 - 0x00007ffc0ce24000 	C:\Windows\System32\SHELL32.dll
0x00007ffc086d0000 - 0x00007ffc08e64000 	C:\Windows\SYSTEM32\windows.storage.dll
0x00007ffc0c100000 - 0x00007ffc0c454000 	C:\Windows\System32\combase.dll
0x00007ffc09f30000 - 0x00007ffc09f5c000 	C:\Windows\SYSTEM32\Wldp.dll
0x00007ffc0aed0000 - 0x00007ffc0af7d000 	C:\Windows\System32\SHCORE.dll
0x00007ffc0b990000 - 0x00007ffc0b9e5000 	C:\Windows\System32\shlwapi.dll
0x00007ffc0a4d0000 - 0x00007ffc0a4ef000 	C:\Windows\SYSTEM32\profapi.dll
0x00007ffbfded0000 - 0x00007ffbfdee9000 	C:\Program Files\Java\jdk-17.0.5\bin\net.dll
0x00007ffc05810000 - 0x00007ffc0591a000 	C:\Windows\SYSTEM32\WINHTTP.dll
0x00007ffc09c90000 - 0x00007ffc09cfa000 	C:\Windows\system32\mswsock.dll
0x00007ffbfdeb0000 - 0x00007ffbfdec6000 	C:\Program Files\Java\jdk-17.0.5\bin\nio.dll
0x00007ffbfdf80000 - 0x00007ffbfdf8c000 	C:\Program Files\Java\jdk-17.0.5\bin\dt_socket.dll
0x00007ffc09980000 - 0x00007ffc099bb000 	C:\Windows\SYSTEM32\IPHLPAPI.DLL
0x00007ffc099c0000 - 0x00007ffc09a8b000 	C:\Windows\SYSTEM32\DNSAPI.dll
0x00007ffc0c620000 - 0x00007ffc0c628000 	C:\Windows\System32\NSI.dll
0x00007ffc032a0000 - 0x00007ffc032aa000 	C:\Windows\System32\rasadhlp.dll
0x00007ffc03d10000 - 0x00007ffc03d8f000 	C:\Windows\System32\fwpuclnt.dll
0x00007ffc0a8f0000 - 0x00007ffc0a917000 	C:\Windows\System32\bcrypt.dll
0x00007ffbfde90000 - 0x00007ffbfdea8000 	C:\Program Files\Java\jdk-17.0.5\bin\zip.dll
0x00007ffc00a50000 - 0x00007ffc00a60000 	C:\Program Files\Java\jdk-17.0.5\bin\verify.dll

dbghelp: loaded successfully - version: 4.0.5 - missing functions: none
symbol engine: initialized successfully - sym options: 0x614 - pdb path: .;C:\Program Files\Java\jdk-17.0.5\bin;C:\Windows\SYSTEM32;C:\Windows\WinSxS\amd64_microsoft.windows.common-controls_6595b64144ccf1df_6.0.19041.1110_none_60b5254171f9507e;C:\Program Files\Java\jdk-17.0.5\bin\server

VM Arguments:
jvm_args: -XX:+ShowCodeDetailsInExceptionMessages -agentlib:jdwp=transport=dt_socket,suspend=y,address=localhost:55825 -javaagent:C:\Users\Usuario\eclipse\jee-2022-09\eclipse\configuration\org.eclipse.osgi\421\0\.cp\lib\javaagent-shaded.jar -Dfile.encoding=UTF-8 --module-path=C:\Users\Usuario\Desktop\DAM\eclipse\NoexamendeEntorno\bin -Djdk.module.main=NoexamendeEntorno 
java_command: NoexamendeEntorno/debug.Ejercicio2
java_class_path (initial): <not set>
Launcher Type: SUN_STANDARD

[Global flags]
     intx CICompilerCount                          = 3                                         {product} {ergonomic}
     uint ConcGCThreads                            = 1                                         {product} {ergonomic}
     uint G1ConcRefinementThreads                  = 4                                         {product} {ergonomic}
   size_t G1HeapRegionSize                         = 1048576                                   {product} {ergonomic}
    uintx GCDrainStackTargetSize                   = 64                                        {product} {ergonomic}
   size_t InitialHeapSize                          = 134217728                                 {product} {ergonomic}
   size_t MarkStackSize                            = 4194304                                   {product} {ergonomic}
   size_t MaxHeapSize                              = 2122317824                                {product} {ergonomic}
   size_t MaxNewSize                               = 1272971264                                {product} {ergonomic}
   size_t MinHeapDeltaBytes                        = 1048576                                   {product} {ergonomic}
   size_t MinHeapSize                              = 8388608                                   {product} {ergonomic}
    uintx NonNMethodCodeHeapSize                   = 5832780                                {pd product} {ergonomic}
    uintx NonProfiledCodeHeapSize                  = 122912730                              {pd product} {ergonomic}
    uintx ProfiledCodeHeapSize                     = 122912730                              {pd product} {ergonomic}
    uintx ReservedCodeCacheSize                    = 251658240                              {pd product} {ergonomic}
     bool SegmentedCodeCache                       = true                                      {product} {ergonomic}
     bool ShowCodeDetailsInExceptionMessages       = true                                   {manageable} {command line}
   size_t SoftMaxHeapSize                          = 2122317824                             {manageable} {ergonomic}
     bool UseCompressedClassPointers               = true                           {product lp64_product} {ergonomic}
     bool UseCompressedOops                        = true                           {product lp64_product} {ergonomic}
     bool UseG1GC                                  = true                                      {product} {ergonomic}
     bool UseLargePagesIndividualAllocation        = false                                  {pd product} {ergonomic}

Logging:
Log output configuration:
 #0: stdout all=warning uptime,level,tags
 #1: stderr all=off uptime,level,tags

Environment Variables:
PATH=C:/Program Files/Java/jdk-17.0.5/bin/server;C:/Program Files/Java/jdk-17.0.5/bin;C:\Program Files\Common Files\Oracle\Java\javapath;C:\Windows\system32;C:\Windows;C:\Windows\System32\Wbem;C:\Windows\System32\WindowsPowerShell\v1.0\;C:\Windows\System32\OpenSSH\;C:\Program Files\Git\cmd;C:\Users\Usuario\AppData\Local\Microsoft\WindowsApps;;C:\Users\Usuario\AppData\Local\Programs\Microsoft VS Code\bin;C:\Users\Usuario\Desktop;
USERNAME=Usuario
OS=Windows_NT
PROCESSOR_IDENTIFIER=Intel64 Family 6 Model 94 Stepping 3, GenuineIntel



---------------  S Y S T E M  ---------------

OS:
 Windows 10 , 64 bit Build 19041 (10.0.19041.1566)
OS uptime: 32 days 22:13 hours

CPU: total 4 (initial active 4) (4 cores per cpu, 1 threads per core) family 6 model 94 stepping 3 microcode 0xdc, cx8, cmov, fxsr, mmx, 3dnowpref, sse, sse2, sse3, ssse3, sse4.1, sse4.2, popcnt, lzcnt, tsc, tscinvbit, avx, avx2, aes, erms, clmul, bmi1, bmi2, adx, fma, vzeroupper, clflush, clflushopt

Memory: 4k page, system-wide physical 8092M (2408M free)
TotalPageFile size 9372M (AvailPageFile size 1452M)
current process WorkingSet (physical memory assigned to process): 43M, peak: 47M
current process commit charge ("private bytes"): 206M, peak: 210M

vm_info: Java HotSpot(TM) 64-Bit Server VM (17.0.5+9-LTS-191) for windows-amd64 JRE (17.0.5+9-LTS-191), built on Sep 13 2022 17:31:43 by "mach5one" with MS VC++ 16.8 / 16.9 (VS2019)

END.
